2023-02-15 15:43:40,778 | MainThread   | [DEBUG   ] | __init__            |: Python Info: sys.version_info(major=3, minor=7, micro=6, releaselevel='final', serial=0)
2023-02-15 15:43:40,779 | MainThread   | [DEBUG   ] | __init__            |: System Info: Darwin-19.3.0-x86_64-i386-64bit
2023-02-15 15:43:40,780 | MainThread   | [INFO    ] | _connect            |: Looking for Artemis Nano Peripheral Device: C0:C2:8A:89:98:08
2023-02-15 15:43:50,958 | MainThread   | [ERROR   ] | _connect            |: Device with address C0:C2:8A:89:98:08 was not found
2023-02-15 15:43:51,962 | MainThread   | [WARNING ] | connect             |: Attempting to connect again...
2023-02-15 15:43:51,963 | MainThread   | [INFO    ] | _connect            |: Looking for Artemis Nano Peripheral Device: C0:C2:8A:89:98:08
2023-02-15 15:44:01,972 | MainThread   | [ERROR   ] | _connect            |: Device with address C0:C2:8A:89:98:08 was not found
2023-02-15 15:44:02,976 | MainThread   | [WARNING ] | connect             |: Attempting to connect again...
2023-02-15 15:44:02,978 | MainThread   | [INFO    ] | _connect            |: Looking for Artemis Nano Peripheral Device: C0:C2:8A:89:98:08
2023-02-15 15:44:12,988 | MainThread   | [ERROR   ] | _connect            |: Device with address C0:C2:8A:89:98:08 was not found
2023-02-15 15:44:13,993 | MainThread   | [WARNING ] | connect             |: Attempting to connect again...
2023-02-15 15:46:35,928 | MainThread   | [INFO    ] | _connect            |: Looking for Artemis Nano Peripheral Device: C0:83:D5:66:86:3C
2023-02-15 15:46:45,943 | MainThread   | [ERROR   ] | _connect            |: Device with address C0:83:D5:66:86:3C was not found
2023-02-15 15:46:46,949 | MainThread   | [WARNING ] | connect             |: Attempting to connect again...
2023-02-15 15:46:46,952 | MainThread   | [INFO    ] | _connect            |: Looking for Artemis Nano Peripheral Device: C0:83:D5:66:86:3C
2023-02-15 15:46:56,960 | MainThread   | [ERROR   ] | _connect            |: Device with address C0:83:D5:66:86:3C was not found
2023-02-15 15:46:57,965 | MainThread   | [WARNING ] | connect             |: Attempting to connect again...
2023-02-15 15:46:57,966 | MainThread   | [INFO    ] | _connect            |: Looking for Artemis Nano Peripheral Device: C0:83:D5:66:86:3C
2023-02-15 15:47:07,974 | MainThread   | [ERROR   ] | _connect            |: Device with address C0:83:D5:66:86:3C was not found
2023-02-15 15:47:08,985 | MainThread   | [WARNING ] | connect             |: Attempting to connect again...
2023-02-15 15:48:08,610 | MainThread   | [INFO    ] | exit_handler        |: Exiting...
2023-02-15 15:48:08,610 | MainThread   | [INFO    ] | exit_handler        |: Exiting...
2023-02-15 15:48:08,625 | MainThread   | [WARNING ] | exit_handler        |: Could not disconnect before exiting
2023-02-15 15:48:08,625 | MainThread   | [WARNING ] | exit_handler        |: Could not disconnect before exiting
2023-02-15 15:48:08,639 | MainThread   | [WARNING ] | exit_handler        |: 'NoneType' object has no attribute 'disconnect'
2023-02-15 15:48:08,639 | MainThread   | [WARNING ] | exit_handler        |: 'NoneType' object has no attribute 'disconnect'
2023-02-15 15:48:15,371 | MainThread   | [DEBUG   ] | __init__            |: Python Info: sys.version_info(major=3, minor=7, micro=6, releaselevel='final', serial=0)
2023-02-15 15:48:15,372 | MainThread   | [DEBUG   ] | __init__            |: System Info: Darwin-19.3.0-x86_64-i386-64bit
2023-02-15 15:48:15,372 | MainThread   | [INFO    ] | _connect            |: Looking for Artemis Nano Peripheral Device: C0:83:D5:66:86:3C
2023-02-15 15:48:17,969 | MainThread   | [INFO    ] | _connect            |: Connected to C0:83:D5:66:86:3C
2023-02-15 15:50:59,482 | MainThread   | [INFO    ] | disconnect_handler  |: Disconnected from AB6C95E9-A4ED-4F7A-B208-0AFEAFDDA3AD
2023-02-15 15:52:18,879 | MainThread   | [INFO    ] | exit_handler        |: Exiting...
2023-02-15 15:52:18,903 | MainThread   | [WARNING ] | exit_handler        |: Could not disconnect before exiting
2023-02-15 15:52:18,907 | MainThread   | [WARNING ] | exit_handler        |: Not connected to a BLE device
2023-02-15 15:54:43,300 | MainThread   | [DEBUG   ] | __init__            |: Python Info: sys.version_info(major=3, minor=7, micro=6, releaselevel='final', serial=0)
2023-02-15 15:54:43,307 | MainThread   | [DEBUG   ] | __init__            |: System Info: Darwin-19.3.0-x86_64-i386-64bit
2023-02-15 15:54:43,312 | MainThread   | [INFO    ] | _connect            |: Looking for Artemis Nano Peripheral Device: C0:83:D5:66:86:3C
2023-02-15 15:54:45,886 | MainThread   | [INFO    ] | _connect            |: Connected to C0:83:D5:66:86:3C
2023-02-15 16:00:49,392 | MainThread   | [INFO    ] | disconnect_handler  |: Disconnected from AB6C95E9-A4ED-4F7A-B208-0AFEAFDDA3AD
2023-02-15 16:00:49,392 | MainThread   | [INFO    ] | disconnect_handler  |: Disconnected from AB6C95E9-A4ED-4F7A-B208-0AFEAFDDA3AD
2023-02-15 16:00:57,201 | MainThread   | [DEBUG   ] | __init__            |: Python Info: sys.version_info(major=3, minor=7, micro=6, releaselevel='final', serial=0)
2023-02-15 16:00:57,201 | MainThread   | [DEBUG   ] | __init__            |: Python Info: sys.version_info(major=3, minor=7, micro=6, releaselevel='final', serial=0)
2023-02-15 16:00:57,201 | MainThread   | [DEBUG   ] | __init__            |: System Info: Darwin-19.3.0-x86_64-i386-64bit
2023-02-15 16:00:57,201 | MainThread   | [DEBUG   ] | __init__            |: System Info: Darwin-19.3.0-x86_64-i386-64bit
2023-02-15 16:00:57,202 | MainThread   | [INFO    ] | _connect            |: Looking for Artemis Nano Peripheral Device: C0:83:D5:66:86:3C
2023-02-15 16:00:57,202 | MainThread   | [INFO    ] | _connect            |: Looking for Artemis Nano Peripheral Device: C0:83:D5:66:86:3C
2023-02-15 16:00:59,728 | MainThread   | [INFO    ] | _connect            |: Connected to C0:83:D5:66:86:3C
2023-02-15 16:00:59,728 | MainThread   | [INFO    ] | _connect            |: Connected to C0:83:D5:66:86:3C
2023-02-15 16:04:05,961 | MainThread   | [INFO    ] | disconnect_handler  |: Disconnected from AB6C95E9-A4ED-4F7A-B208-0AFEAFDDA3AD
2023-02-15 16:04:05,961 | MainThread   | [INFO    ] | disconnect_handler  |: Disconnected from AB6C95E9-A4ED-4F7A-B208-0AFEAFDDA3AD
2023-02-15 16:05:03,573 | MainThread   | [INFO    ] | _connect            |: Looking for Artemis Nano Peripheral Device: C0:83:D5:66:86:3C
2023-02-15 16:05:03,573 | MainThread   | [INFO    ] | _connect            |: Looking for Artemis Nano Peripheral Device: C0:83:D5:66:86:3C
2023-02-15 16:05:06,059 | MainThread   | [INFO    ] | _connect            |: Connected to C0:83:D5:66:86:3C
2023-02-15 16:05:06,059 | MainThread   | [INFO    ] | _connect            |: Connected to C0:83:D5:66:86:3C
2023-02-15 16:08:04,181 | MainThread   | [INFO    ] | disconnect_handler  |: Disconnected from AB6C95E9-A4ED-4F7A-B208-0AFEAFDDA3AD
2023-02-15 16:08:04,181 | MainThread   | [INFO    ] | disconnect_handler  |: Disconnected from AB6C95E9-A4ED-4F7A-B208-0AFEAFDDA3AD
2023-02-15 16:10:46,242 | MainThread   | [DEBUG   ] | __init__            |: Python Info: sys.version_info(major=3, minor=7, micro=6, releaselevel='final', serial=0)
2023-02-15 16:10:46,242 | MainThread   | [DEBUG   ] | __init__            |: Python Info: sys.version_info(major=3, minor=7, micro=6, releaselevel='final', serial=0)
2023-02-15 16:10:46,242 | MainThread   | [DEBUG   ] | __init__            |: Python Info: sys.version_info(major=3, minor=7, micro=6, releaselevel='final', serial=0)
2023-02-15 16:10:46,244 | MainThread   | [DEBUG   ] | __init__            |: System Info: Darwin-19.3.0-x86_64-i386-64bit
2023-02-15 16:10:46,244 | MainThread   | [DEBUG   ] | __init__            |: System Info: Darwin-19.3.0-x86_64-i386-64bit
2023-02-15 16:10:46,244 | MainThread   | [DEBUG   ] | __init__            |: System Info: Darwin-19.3.0-x86_64-i386-64bit
2023-02-15 16:10:46,245 | MainThread   | [WARNING ] | __del__             |: Could not delete BaseBLEController instance before exiting
2023-02-15 16:10:46,245 | MainThread   | [WARNING ] | __del__             |: Could not delete BaseBLEController instance before exiting
2023-02-15 16:10:46,245 | MainThread   | [WARNING ] | __del__             |: Could not delete BaseBLEController instance before exiting
2023-02-15 16:10:46,270 | MainThread   | [WARNING ] | __del__             |: Not connected to a BLE device
2023-02-15 16:10:46,270 | MainThread   | [WARNING ] | __del__             |: Not connected to a BLE device
2023-02-15 16:10:46,270 | MainThread   | [WARNING ] | __del__             |: Not connected to a BLE device
2023-02-15 16:10:46,275 | MainThread   | [INFO    ] | _connect            |: Looking for Artemis Nano Peripheral Device: C0:83:D5:66:86:3C
2023-02-15 16:10:46,275 | MainThread   | [INFO    ] | _connect            |: Looking for Artemis Nano Peripheral Device: C0:83:D5:66:86:3C
2023-02-15 16:10:46,275 | MainThread   | [INFO    ] | _connect            |: Looking for Artemis Nano Peripheral Device: C0:83:D5:66:86:3C
2023-02-15 16:10:49,294 | MainThread   | [INFO    ] | _connect            |: Connected to C0:83:D5:66:86:3C
2023-02-15 16:10:49,294 | MainThread   | [INFO    ] | _connect            |: Connected to C0:83:D5:66:86:3C
2023-02-15 16:10:49,294 | MainThread   | [INFO    ] | _connect            |: Connected to C0:83:D5:66:86:3C
2023-02-15 16:17:08,959 | MainThread   | [INFO    ] | disconnect_handler  |: Disconnected from AB6C95E9-A4ED-4F7A-B208-0AFEAFDDA3AD
2023-02-15 16:17:08,959 | MainThread   | [INFO    ] | disconnect_handler  |: Disconnected from AB6C95E9-A4ED-4F7A-B208-0AFEAFDDA3AD
2023-02-15 16:17:08,959 | MainThread   | [INFO    ] | disconnect_handler  |: Disconnected from AB6C95E9-A4ED-4F7A-B208-0AFEAFDDA3AD
2023-02-15 16:47:52,963 | MainThread   | [INFO    ] | _connect            |: Looking for Artemis Nano Peripheral Device: C0:83:D5:66:86:3C
2023-02-15 16:47:52,963 | MainThread   | [INFO    ] | _connect            |: Looking for Artemis Nano Peripheral Device: C0:83:D5:66:86:3C
2023-02-15 16:47:52,963 | MainThread   | [INFO    ] | _connect            |: Looking for Artemis Nano Peripheral Device: C0:83:D5:66:86:3C
2023-02-15 16:47:55,439 | MainThread   | [INFO    ] | _connect            |: Connected to C0:83:D5:66:86:3C
2023-02-15 16:47:55,439 | MainThread   | [INFO    ] | _connect            |: Connected to C0:83:D5:66:86:3C
2023-02-15 16:47:55,439 | MainThread   | [INFO    ] | _connect            |: Connected to C0:83:D5:66:86:3C
2023-02-15 16:50:11,271 | MainThread   | [INFO    ] | disconnect_handler  |: Disconnected from AB6C95E9-A4ED-4F7A-B208-0AFEAFDDA3AD
2023-02-15 16:50:11,271 | MainThread   | [INFO    ] | disconnect_handler  |: Disconnected from AB6C95E9-A4ED-4F7A-B208-0AFEAFDDA3AD
2023-02-15 16:50:11,271 | MainThread   | [INFO    ] | disconnect_handler  |: Disconnected from AB6C95E9-A4ED-4F7A-B208-0AFEAFDDA3AD
2023-02-15 16:50:36,488 | MainThread   | [INFO    ] | _connect            |: Looking for Artemis Nano Peripheral Device: C0:83:D5:66:86:3C
2023-02-15 16:50:36,488 | MainThread   | [INFO    ] | _connect            |: Looking for Artemis Nano Peripheral Device: C0:83:D5:66:86:3C
2023-02-15 16:50:36,488 | MainThread   | [INFO    ] | _connect            |: Looking for Artemis Nano Peripheral Device: C0:83:D5:66:86:3C
2023-02-15 16:50:39,090 | MainThread   | [INFO    ] | _connect            |: Connected to C0:83:D5:66:86:3C
2023-02-15 16:50:39,090 | MainThread   | [INFO    ] | _connect            |: Connected to C0:83:D5:66:86:3C
2023-02-15 16:50:39,090 | MainThread   | [INFO    ] | _connect            |: Connected to C0:83:D5:66:86:3C
2023-02-15 17:02:35,445 | MainThread   | [INFO    ] | disconnect_handler  |: Disconnected from AB6C95E9-A4ED-4F7A-B208-0AFEAFDDA3AD
2023-02-15 17:02:35,445 | MainThread   | [INFO    ] | disconnect_handler  |: Disconnected from AB6C95E9-A4ED-4F7A-B208-0AFEAFDDA3AD
2023-02-15 17:02:35,445 | MainThread   | [INFO    ] | disconnect_handler  |: Disconnected from AB6C95E9-A4ED-4F7A-B208-0AFEAFDDA3AD
2023-02-15 23:34:25,439 | MainThread   | [DEBUG   ] | __init__            |: Python Info: sys.version_info(major=3, minor=7, micro=6, releaselevel='final', serial=0)
2023-02-15 23:34:25,440 | MainThread   | [DEBUG   ] | __init__            |: System Info: Darwin-19.3.0-x86_64-i386-64bit
2023-02-15 23:34:25,440 | MainThread   | [INFO    ] | _connect            |: Looking for Artemis Nano Peripheral Device: C0:83:D5:66:86:3C
2023-02-15 23:34:52,580 | MainThread   | [INFO    ] | _connect            |: Looking for Artemis Nano Peripheral Device: C0:83:D5:66:86:3C
2023-02-15 23:34:56,412 | MainThread   | [INFO    ] | _connect            |: Connected to C0:83:D5:66:86:3C
2023-02-15 23:35:02,913 | MainThread   | [INFO    ] | disconnect_handler  |: Disconnected from AB6C95E9-A4ED-4F7A-B208-0AFEAFDDA3AD
2023-02-15 23:35:11,158 | MainThread   | [INFO    ] | _connect            |: Looking for Artemis Nano Peripheral Device: C0:83:D5:66:86:3C
2023-02-15 23:35:14,738 | MainThread   | [INFO    ] | _connect            |: Connected to C0:83:D5:66:86:3C
2023-02-15 23:42:23,859 | MainThread   | [INFO    ] | disconnect_handler  |: Disconnected from AB6C95E9-A4ED-4F7A-B208-0AFEAFDDA3AD
2023-02-15 23:49:41,608 | MainThread   | [DEBUG   ] | __init__            |: Python Info: sys.version_info(major=3, minor=7, micro=6, releaselevel='final', serial=0)
2023-02-15 23:49:41,622 | MainThread   | [DEBUG   ] | __init__            |: System Info: Darwin-19.3.0-x86_64-i386-64bit
2023-02-15 23:49:41,624 | MainThread   | [INFO    ] | _connect            |: Looking for Artemis Nano Peripheral Device: C0:83:D5:66:86:3C
2023-02-15 23:49:44,237 | MainThread   | [INFO    ] | _connect            |: Connected to C0:83:D5:66:86:3C
2023-02-15 23:52:09,437 | MainThread   | [INFO    ] | disconnect_handler  |: Disconnected from AB6C95E9-A4ED-4F7A-B208-0AFEAFDDA3AD
2023-02-15 23:52:21,465 | MainThread   | [INFO    ] | _connect            |: Looking for Artemis Nano Peripheral Device: C0:83:D5:66:86:3C
2023-02-15 23:52:23,940 | MainThread   | [INFO    ] | _connect            |: Connected to C0:83:D5:66:86:3C
2023-02-15 23:54:31,812 | MainThread   | [INFO    ] | disconnect_handler  |: Disconnected from AB6C95E9-A4ED-4F7A-B208-0AFEAFDDA3AD
2023-02-15 23:56:37,839 | MainThread   | [DEBUG   ] | __init__            |: Python Info: sys.version_info(major=3, minor=7, micro=6, releaselevel='final', serial=0)
2023-02-15 23:56:37,839 | MainThread   | [DEBUG   ] | __init__            |: Python Info: sys.version_info(major=3, minor=7, micro=6, releaselevel='final', serial=0)
2023-02-15 23:56:37,842 | MainThread   | [DEBUG   ] | __init__            |: System Info: Darwin-19.3.0-x86_64-i386-64bit
2023-02-15 23:56:37,842 | MainThread   | [DEBUG   ] | __init__            |: System Info: Darwin-19.3.0-x86_64-i386-64bit
2023-02-15 23:56:37,843 | MainThread   | [INFO    ] | _connect            |: Looking for Artemis Nano Peripheral Device: C0:83:D5:66:86:3C
2023-02-15 23:56:37,843 | MainThread   | [INFO    ] | _connect            |: Looking for Artemis Nano Peripheral Device: C0:83:D5:66:86:3C
2023-02-15 23:56:40,680 | MainThread   | [INFO    ] | _connect            |: Connected to C0:83:D5:66:86:3C
2023-02-15 23:56:40,680 | MainThread   | [INFO    ] | _connect            |: Connected to C0:83:D5:66:86:3C
2023-02-15 23:57:29,766 | MainThread   | [INFO    ] | disconnect_handler  |: Disconnected from AB6C95E9-A4ED-4F7A-B208-0AFEAFDDA3AD
2023-02-15 23:57:29,766 | MainThread   | [INFO    ] | disconnect_handler  |: Disconnected from AB6C95E9-A4ED-4F7A-B208-0AFEAFDDA3AD
2023-02-15 23:57:29,766 | MainThread   | [INFO    ] | disconnect_handler  |: Disconnected from AB6C95E9-A4ED-4F7A-B208-0AFEAFDDA3AD
2023-02-15 23:57:50,934 | MainThread   | [DEBUG   ] | __init__            |: Python Info: sys.version_info(major=3, minor=7, micro=6, releaselevel='final', serial=0)
2023-02-15 23:57:50,934 | MainThread   | [DEBUG   ] | __init__            |: Python Info: sys.version_info(major=3, minor=7, micro=6, releaselevel='final', serial=0)
2023-02-15 23:57:50,934 | MainThread   | [DEBUG   ] | __init__            |: Python Info: sys.version_info(major=3, minor=7, micro=6, releaselevel='final', serial=0)
2023-02-15 23:57:50,935 | MainThread   | [DEBUG   ] | __init__            |: System Info: Darwin-19.3.0-x86_64-i386-64bit
2023-02-15 23:57:50,935 | MainThread   | [DEBUG   ] | __init__            |: System Info: Darwin-19.3.0-x86_64-i386-64bit
2023-02-15 23:57:50,935 | MainThread   | [DEBUG   ] | __init__            |: System Info: Darwin-19.3.0-x86_64-i386-64bit
2023-02-15 23:57:50,936 | MainThread   | [WARNING ] | __del__             |: Could not delete BaseBLEController instance before exiting
2023-02-15 23:57:50,936 | MainThread   | [WARNING ] | __del__             |: Could not delete BaseBLEController instance before exiting
2023-02-15 23:57:50,936 | MainThread   | [WARNING ] | __del__             |: Could not delete BaseBLEController instance before exiting
2023-02-15 23:57:50,955 | MainThread   | [WARNING ] | __del__             |: Not connected to a BLE device
2023-02-15 23:57:50,955 | MainThread   | [WARNING ] | __del__             |: Not connected to a BLE device
2023-02-15 23:57:50,955 | MainThread   | [WARNING ] | __del__             |: Not connected to a BLE device
2023-02-15 23:57:50,960 | MainThread   | [INFO    ] | _connect            |: Looking for Artemis Nano Peripheral Device: C0:83:D5:66:86:3C
2023-02-15 23:57:50,960 | MainThread   | [INFO    ] | _connect            |: Looking for Artemis Nano Peripheral Device: C0:83:D5:66:86:3C
2023-02-15 23:57:50,960 | MainThread   | [INFO    ] | _connect            |: Looking for Artemis Nano Peripheral Device: C0:83:D5:66:86:3C
2023-02-15 23:57:53,568 | MainThread   | [INFO    ] | _connect            |: Connected to C0:83:D5:66:86:3C
2023-02-15 23:57:53,568 | MainThread   | [INFO    ] | _connect            |: Connected to C0:83:D5:66:86:3C
2023-02-15 23:57:53,568 | MainThread   | [INFO    ] | _connect            |: Connected to C0:83:D5:66:86:3C
2023-02-15 23:59:06,306 | MainThread   | [INFO    ] | disconnect_handler  |: Disconnected from AB6C95E9-A4ED-4F7A-B208-0AFEAFDDA3AD
2023-02-15 23:59:06,306 | MainThread   | [INFO    ] | disconnect_handler  |: Disconnected from AB6C95E9-A4ED-4F7A-B208-0AFEAFDDA3AD
2023-02-15 23:59:06,306 | MainThread   | [INFO    ] | disconnect_handler  |: Disconnected from AB6C95E9-A4ED-4F7A-B208-0AFEAFDDA3AD
2023-02-15 23:59:48,093 | MainThread   | [INFO    ] | _connect            |: Looking for Artemis Nano Peripheral Device: C0:83:D5:66:86:3C
2023-02-15 23:59:48,093 | MainThread   | [INFO    ] | _connect            |: Looking for Artemis Nano Peripheral Device: C0:83:D5:66:86:3C
2023-02-15 23:59:48,093 | MainThread   | [INFO    ] | _connect            |: Looking for Artemis Nano Peripheral Device: C0:83:D5:66:86:3C
2023-02-15 23:59:50,815 | MainThread   | [INFO    ] | _connect            |: Connected to C0:83:D5:66:86:3C
2023-02-15 23:59:50,815 | MainThread   | [INFO    ] | _connect            |: Connected to C0:83:D5:66:86:3C
2023-02-15 23:59:50,815 | MainThread   | [INFO    ] | _connect            |: Connected to C0:83:D5:66:86:3C
2023-02-16 00:00:04,969 | MainThread   | [INFO    ] | disconnect_handler  |: Disconnected from AB6C95E9-A4ED-4F7A-B208-0AFEAFDDA3AD
2023-02-16 00:00:04,969 | MainThread   | [INFO    ] | disconnect_handler  |: Disconnected from AB6C95E9-A4ED-4F7A-B208-0AFEAFDDA3AD
2023-02-16 00:00:04,969 | MainThread   | [INFO    ] | disconnect_handler  |: Disconnected from AB6C95E9-A4ED-4F7A-B208-0AFEAFDDA3AD
2023-02-16 00:01:53,601 | MainThread   | [INFO    ] | _connect            |: Looking for Artemis Nano Peripheral Device: C0:83:D5:66:86:3C
2023-02-16 00:01:53,601 | MainThread   | [INFO    ] | _connect            |: Looking for Artemis Nano Peripheral Device: C0:83:D5:66:86:3C
2023-02-16 00:01:53,601 | MainThread   | [INFO    ] | _connect            |: Looking for Artemis Nano Peripheral Device: C0:83:D5:66:86:3C
2023-02-16 00:01:56,191 | MainThread   | [INFO    ] | _connect            |: Connected to C0:83:D5:66:86:3C
2023-02-16 00:01:56,191 | MainThread   | [INFO    ] | _connect            |: Connected to C0:83:D5:66:86:3C
2023-02-16 00:01:56,191 | MainThread   | [INFO    ] | _connect            |: Connected to C0:83:D5:66:86:3C
2023-02-16 00:02:19,889 | MainThread   | [INFO    ] | disconnect_handler  |: Disconnected from AB6C95E9-A4ED-4F7A-B208-0AFEAFDDA3AD
2023-02-16 00:02:19,889 | MainThread   | [INFO    ] | disconnect_handler  |: Disconnected from AB6C95E9-A4ED-4F7A-B208-0AFEAFDDA3AD
2023-02-16 00:02:19,889 | MainThread   | [INFO    ] | disconnect_handler  |: Disconnected from AB6C95E9-A4ED-4F7A-B208-0AFEAFDDA3AD
2023-02-16 00:04:08,621 | MainThread   | [INFO    ] | _connect            |: Looking for Artemis Nano Peripheral Device: C0:83:D5:66:86:3C
2023-02-16 00:04:08,621 | MainThread   | [INFO    ] | _connect            |: Looking for Artemis Nano Peripheral Device: C0:83:D5:66:86:3C
2023-02-16 00:04:08,621 | MainThread   | [INFO    ] | _connect            |: Looking for Artemis Nano Peripheral Device: C0:83:D5:66:86:3C
2023-02-16 00:04:11,103 | MainThread   | [INFO    ] | _connect            |: Connected to C0:83:D5:66:86:3C
2023-02-16 00:04:11,103 | MainThread   | [INFO    ] | _connect            |: Connected to C0:83:D5:66:86:3C
2023-02-16 00:04:11,103 | MainThread   | [INFO    ] | _connect            |: Connected to C0:83:D5:66:86:3C
2023-02-16 00:04:41,470 | MainThread   | [INFO    ] | disconnect_handler  |: Disconnected from AB6C95E9-A4ED-4F7A-B208-0AFEAFDDA3AD
2023-02-16 00:04:41,470 | MainThread   | [INFO    ] | disconnect_handler  |: Disconnected from AB6C95E9-A4ED-4F7A-B208-0AFEAFDDA3AD
2023-02-16 00:04:41,470 | MainThread   | [INFO    ] | disconnect_handler  |: Disconnected from AB6C95E9-A4ED-4F7A-B208-0AFEAFDDA3AD
2023-02-16 00:04:44,086 | MainThread   | [INFO    ] | _connect            |: Looking for Artemis Nano Peripheral Device: C0:83:D5:66:86:3C
2023-02-16 00:04:44,086 | MainThread   | [INFO    ] | _connect            |: Looking for Artemis Nano Peripheral Device: C0:83:D5:66:86:3C
2023-02-16 00:04:44,086 | MainThread   | [INFO    ] | _connect            |: Looking for Artemis Nano Peripheral Device: C0:83:D5:66:86:3C
2023-02-16 00:04:48,762 | MainThread   | [INFO    ] | _connect            |: Connected to C0:83:D5:66:86:3C
2023-02-16 00:04:48,762 | MainThread   | [INFO    ] | _connect            |: Connected to C0:83:D5:66:86:3C
2023-02-16 00:04:48,762 | MainThread   | [INFO    ] | _connect            |: Connected to C0:83:D5:66:86:3C
2023-02-16 00:05:48,747 | MainThread   | [INFO    ] | disconnect_handler  |: Disconnected from AB6C95E9-A4ED-4F7A-B208-0AFEAFDDA3AD
2023-02-16 00:05:48,747 | MainThread   | [INFO    ] | disconnect_handler  |: Disconnected from AB6C95E9-A4ED-4F7A-B208-0AFEAFDDA3AD
2023-02-16 00:05:48,747 | MainThread   | [INFO    ] | disconnect_handler  |: Disconnected from AB6C95E9-A4ED-4F7A-B208-0AFEAFDDA3AD
2023-02-16 00:14:42,920 | MainThread   | [INFO    ] | exit_handler        |: Exiting...
2023-02-16 00:14:42,920 | MainThread   | [INFO    ] | exit_handler        |: Exiting...
2023-02-16 00:14:42,920 | MainThread   | [INFO    ] | exit_handler        |: Exiting...
2023-02-16 00:14:42,942 | MainThread   | [WARNING ] | exit_handler        |: Could not disconnect before exiting
2023-02-16 00:14:42,942 | MainThread   | [WARNING ] | exit_handler        |: Could not disconnect before exiting
2023-02-16 00:14:42,942 | MainThread   | [WARNING ] | exit_handler        |: Could not disconnect before exiting
2023-02-16 00:14:42,945 | MainThread   | [WARNING ] | exit_handler        |: Not connected to a BLE device
2023-02-16 00:14:42,945 | MainThread   | [WARNING ] | exit_handler        |: Not connected to a BLE device
2023-02-16 00:14:42,945 | MainThread   | [WARNING ] | exit_handler        |: Not connected to a BLE device
2023-02-16 00:14:42,958 | MainThread   | [INFO    ] | exit_handler        |: Exiting...
2023-02-16 00:14:42,958 | MainThread   | [INFO    ] | exit_handler        |: Exiting...
2023-02-16 00:14:42,958 | MainThread   | [INFO    ] | exit_handler        |: Exiting...
2023-02-16 00:14:42,970 | MainThread   | [WARNING ] | exit_handler        |: Could not disconnect before exiting
2023-02-16 00:14:42,970 | MainThread   | [WARNING ] | exit_handler        |: Could not disconnect before exiting
2023-02-16 00:14:42,970 | MainThread   | [WARNING ] | exit_handler        |: Could not disconnect before exiting
2023-02-16 00:14:42,974 | MainThread   | [WARNING ] | exit_handler        |: Not connected to a BLE device
2023-02-16 00:14:42,974 | MainThread   | [WARNING ] | exit_handler        |: Not connected to a BLE device
2023-02-16 00:14:42,974 | MainThread   | [WARNING ] | exit_handler        |: Not connected to a BLE device
2023-02-16 00:14:42,977 | MainThread   | [INFO    ] | exit_handler        |: Exiting...
2023-02-16 00:14:42,977 | MainThread   | [INFO    ] | exit_handler        |: Exiting...
2023-02-16 00:14:42,977 | MainThread   | [INFO    ] | exit_handler        |: Exiting...
2023-02-16 00:14:42,988 | MainThread   | [WARNING ] | exit_handler        |: Could not disconnect before exiting
2023-02-16 00:14:42,988 | MainThread   | [WARNING ] | exit_handler        |: Could not disconnect before exiting
2023-02-16 00:14:42,988 | MainThread   | [WARNING ] | exit_handler        |: Could not disconnect before exiting
2023-02-16 00:14:42,992 | MainThread   | [WARNING ] | exit_handler        |: Not connected to a BLE device
2023-02-16 00:14:42,992 | MainThread   | [WARNING ] | exit_handler        |: Not connected to a BLE device
2023-02-16 00:14:42,992 | MainThread   | [WARNING ] | exit_handler        |: Not connected to a BLE device
2023-02-16 00:14:43,141 | MainThread   | [WARNING ] | __del__             |: Could not delete BaseBLEController instance before exiting
2023-02-16 00:14:43,141 | MainThread   | [WARNING ] | __del__             |: Could not delete BaseBLEController instance before exiting
2023-02-16 00:14:43,141 | MainThread   | [WARNING ] | __del__             |: Could not delete BaseBLEController instance before exiting
2023-02-16 00:14:43,143 | MainThread   | [WARNING ] | __del__             |: Not connected to a BLE device
2023-02-16 00:14:43,143 | MainThread   | [WARNING ] | __del__             |: Not connected to a BLE device
2023-02-16 00:14:43,143 | MainThread   | [WARNING ] | __del__             |: Not connected to a BLE device
2023-02-16 00:32:59,951 | MainThread   | [DEBUG   ] | __init__            |: Python Info: sys.version_info(major=3, minor=7, micro=6, releaselevel='final', serial=0)
2023-02-16 00:32:59,951 | MainThread   | [DEBUG   ] | __init__            |: Python Info: sys.version_info(major=3, minor=7, micro=6, releaselevel='final', serial=0)
2023-02-16 00:32:59,952 | MainThread   | [DEBUG   ] | __init__            |: System Info: Darwin-19.3.0-x86_64-i386-64bit
2023-02-16 00:32:59,952 | MainThread   | [DEBUG   ] | __init__            |: System Info: Darwin-19.3.0-x86_64-i386-64bit
2023-02-16 00:32:59,953 | MainThread   | [INFO    ] | _connect            |: Looking for Artemis Nano Peripheral Device: C0:83:D5:66:86:3C
2023-02-16 00:32:59,953 | MainThread   | [INFO    ] | _connect            |: Looking for Artemis Nano Peripheral Device: C0:83:D5:66:86:3C
2023-02-16 00:33:02,833 | MainThread   | [INFO    ] | _connect            |: Connected to C0:83:D5:66:86:3C
2023-02-16 00:33:02,833 | MainThread   | [INFO    ] | _connect            |: Connected to C0:83:D5:66:86:3C
2023-02-16 00:39:42,678 | MainThread   | [INFO    ] | disconnect_handler  |: Disconnected from AB6C95E9-A4ED-4F7A-B208-0AFEAFDDA3AD
2023-02-16 00:39:42,678 | MainThread   | [INFO    ] | disconnect_handler  |: Disconnected from AB6C95E9-A4ED-4F7A-B208-0AFEAFDDA3AD
2023-02-16 00:50:03,380 | MainThread   | [INFO    ] | _connect            |: Looking for Artemis Nano Peripheral Device: C0:83:D5:66:86:3C
2023-02-16 00:50:03,380 | MainThread   | [INFO    ] | _connect            |: Looking for Artemis Nano Peripheral Device: C0:83:D5:66:86:3C
2023-02-16 00:50:05,860 | MainThread   | [INFO    ] | _connect            |: Connected to C0:83:D5:66:86:3C
2023-02-16 00:50:05,860 | MainThread   | [INFO    ] | _connect            |: Connected to C0:83:D5:66:86:3C
2023-02-16 00:50:17,130 | MainThread   | [INFO    ] | _connect            |: Already connected to a BLE device
2023-02-16 00:50:17,130 | MainThread   | [INFO    ] | _connect            |: Already connected to a BLE device
2023-02-16 00:50:35,774 | MainThread   | [INFO    ] | disconnect_handler  |: Disconnected from AB6C95E9-A4ED-4F7A-B208-0AFEAFDDA3AD
2023-02-16 00:50:35,774 | MainThread   | [INFO    ] | disconnect_handler  |: Disconnected from AB6C95E9-A4ED-4F7A-B208-0AFEAFDDA3AD
2023-02-16 00:50:39,797 | MainThread   | [INFO    ] | _connect            |: Looking for Artemis Nano Peripheral Device: C0:83:D5:66:86:3C
2023-02-16 00:50:39,797 | MainThread   | [INFO    ] | _connect            |: Looking for Artemis Nano Peripheral Device: C0:83:D5:66:86:3C
2023-02-16 00:50:42,421 | MainThread   | [INFO    ] | _connect            |: Connected to C0:83:D5:66:86:3C
2023-02-16 00:50:42,421 | MainThread   | [INFO    ] | _connect            |: Connected to C0:83:D5:66:86:3C
2023-02-16 01:07:42,495 | MainThread   | [INFO    ] | disconnect_handler  |: Disconnected from AB6C95E9-A4ED-4F7A-B208-0AFEAFDDA3AD
2023-02-16 01:07:42,495 | MainThread   | [INFO    ] | disconnect_handler  |: Disconnected from AB6C95E9-A4ED-4F7A-B208-0AFEAFDDA3AD
2023-02-16 01:09:40,897 | MainThread   | [INFO    ] | _connect            |: Looking for Artemis Nano Peripheral Device: C0:83:D5:66:86:3C
2023-02-16 01:09:40,897 | MainThread   | [INFO    ] | _connect            |: Looking for Artemis Nano Peripheral Device: C0:83:D5:66:86:3C
2023-02-16 01:09:43,407 | MainThread   | [INFO    ] | _connect            |: Connected to C0:83:D5:66:86:3C
2023-02-16 01:09:43,407 | MainThread   | [INFO    ] | _connect            |: Connected to C0:83:D5:66:86:3C
2023-02-16 01:15:30,912 | MainThread   | [INFO    ] | disconnect_handler  |: Disconnected from AB6C95E9-A4ED-4F7A-B208-0AFEAFDDA3AD
2023-02-16 01:15:30,912 | MainThread   | [INFO    ] | disconnect_handler  |: Disconnected from AB6C95E9-A4ED-4F7A-B208-0AFEAFDDA3AD
2023-02-16 01:31:51,242 | MainThread   | [INFO    ] | _connect            |: Looking for Artemis Nano Peripheral Device: C0:83:D5:66:86:3C
2023-02-16 01:31:51,242 | MainThread   | [INFO    ] | _connect            |: Looking for Artemis Nano Peripheral Device: C0:83:D5:66:86:3C
2023-02-16 01:31:53,808 | MainThread   | [INFO    ] | _connect            |: Connected to C0:83:D5:66:86:3C
2023-02-16 01:31:53,808 | MainThread   | [INFO    ] | _connect            |: Connected to C0:83:D5:66:86:3C
2023-02-16 01:33:24,483 | MainThread   | [INFO    ] | _connect            |: Already connected to a BLE device
2023-02-16 01:33:24,483 | MainThread   | [INFO    ] | _connect            |: Already connected to a BLE device
2023-02-16 01:34:25,441 | MainThread   | [INFO    ] | disconnect_handler  |: Disconnected from AB6C95E9-A4ED-4F7A-B208-0AFEAFDDA3AD
2023-02-16 01:34:25,441 | MainThread   | [INFO    ] | disconnect_handler  |: Disconnected from AB6C95E9-A4ED-4F7A-B208-0AFEAFDDA3AD
2023-02-16 01:34:41,316 | MainThread   | [INFO    ] | _connect            |: Looking for Artemis Nano Peripheral Device: C0:83:D5:66:86:3C
2023-02-16 01:34:41,316 | MainThread   | [INFO    ] | _connect            |: Looking for Artemis Nano Peripheral Device: C0:83:D5:66:86:3C
2023-02-16 01:34:43,915 | MainThread   | [INFO    ] | _connect            |: Connected to C0:83:D5:66:86:3C
2023-02-16 01:34:43,915 | MainThread   | [INFO    ] | _connect            |: Connected to C0:83:D5:66:86:3C
2023-02-16 01:37:51,737 | MainThread   | [INFO    ] | disconnect_handler  |: Disconnected from AB6C95E9-A4ED-4F7A-B208-0AFEAFDDA3AD
2023-02-16 01:37:51,737 | MainThread   | [INFO    ] | disconnect_handler  |: Disconnected from AB6C95E9-A4ED-4F7A-B208-0AFEAFDDA3AD
2023-02-16 01:40:44,872 | MainThread   | [INFO    ] | _connect            |: Looking for Artemis Nano Peripheral Device: C0:83:D5:66:86:3C
2023-02-16 01:40:44,872 | MainThread   | [INFO    ] | _connect            |: Looking for Artemis Nano Peripheral Device: C0:83:D5:66:86:3C
2023-02-16 01:41:19,918 | MainThread   | [INFO    ] | _connect            |: Looking for Artemis Nano Peripheral Device: C0:83:D5:66:86:3C
2023-02-16 01:41:19,918 | MainThread   | [INFO    ] | _connect            |: Looking for Artemis Nano Peripheral Device: C0:83:D5:66:86:3C
2023-02-16 01:41:22,455 | MainThread   | [INFO    ] | _connect            |: Connected to C0:83:D5:66:86:3C
2023-02-16 01:41:22,455 | MainThread   | [INFO    ] | _connect            |: Connected to C0:83:D5:66:86:3C
2023-02-16 01:41:51,585 | MainThread   | [INFO    ] | disconnect_handler  |: Disconnected from AB6C95E9-A4ED-4F7A-B208-0AFEAFDDA3AD
2023-02-16 01:41:51,585 | MainThread   | [INFO    ] | disconnect_handler  |: Disconnected from AB6C95E9-A4ED-4F7A-B208-0AFEAFDDA3AD
2023-02-16 01:42:00,463 | MainThread   | [INFO    ] | _connect            |: Looking for Artemis Nano Peripheral Device: C0:83:D5:66:86:3C
2023-02-16 01:42:00,463 | MainThread   | [INFO    ] | _connect            |: Looking for Artemis Nano Peripheral Device: C0:83:D5:66:86:3C
2023-02-16 01:42:03,559 | MainThread   | [INFO    ] | _connect            |: Connected to C0:83:D5:66:86:3C
2023-02-16 01:42:03,559 | MainThread   | [INFO    ] | _connect            |: Connected to C0:83:D5:66:86:3C
2023-02-16 01:42:21,357 | MainThread   | [INFO    ] | disconnect_handler  |: Disconnected from AB6C95E9-A4ED-4F7A-B208-0AFEAFDDA3AD
2023-02-16 01:42:21,357 | MainThread   | [INFO    ] | disconnect_handler  |: Disconnected from AB6C95E9-A4ED-4F7A-B208-0AFEAFDDA3AD
2023-02-16 01:42:41,557 | MainThread   | [INFO    ] | _connect            |: Looking for Artemis Nano Peripheral Device: C0:83:D5:66:86:3C
2023-02-16 01:42:41,557 | MainThread   | [INFO    ] | _connect            |: Looking for Artemis Nano Peripheral Device: C0:83:D5:66:86:3C
2023-02-16 01:42:44,341 | MainThread   | [INFO    ] | _connect            |: Connected to C0:83:D5:66:86:3C
2023-02-16 01:42:44,341 | MainThread   | [INFO    ] | _connect            |: Connected to C0:83:D5:66:86:3C
2023-02-16 01:43:07,452 | MainThread   | [INFO    ] | disconnect_handler  |: Disconnected from AB6C95E9-A4ED-4F7A-B208-0AFEAFDDA3AD
2023-02-16 01:43:07,452 | MainThread   | [INFO    ] | disconnect_handler  |: Disconnected from AB6C95E9-A4ED-4F7A-B208-0AFEAFDDA3AD
2023-02-16 01:43:38,799 | MainThread   | [INFO    ] | _connect            |: Looking for Artemis Nano Peripheral Device: C0:83:D5:66:86:3C
2023-02-16 01:43:38,799 | MainThread   | [INFO    ] | _connect            |: Looking for Artemis Nano Peripheral Device: C0:83:D5:66:86:3C
2023-02-16 01:43:41,325 | MainThread   | [INFO    ] | _connect            |: Connected to C0:83:D5:66:86:3C
2023-02-16 01:43:41,325 | MainThread   | [INFO    ] | _connect            |: Connected to C0:83:D5:66:86:3C
2023-02-16 01:47:02,786 | MainThread   | [INFO    ] | disconnect_handler  |: Disconnected from AB6C95E9-A4ED-4F7A-B208-0AFEAFDDA3AD
2023-02-16 01:47:02,786 | MainThread   | [INFO    ] | disconnect_handler  |: Disconnected from AB6C95E9-A4ED-4F7A-B208-0AFEAFDDA3AD
2023-02-16 02:42:42,218 | MainThread   | [INFO    ] | _connect            |: Looking for Artemis Nano Peripheral Device: C0:83:D5:66:86:3C
2023-02-16 02:42:42,218 | MainThread   | [INFO    ] | _connect            |: Looking for Artemis Nano Peripheral Device: C0:83:D5:66:86:3C
2023-02-16 02:42:44,774 | MainThread   | [INFO    ] | _connect            |: Connected to C0:83:D5:66:86:3C
2023-02-16 02:42:44,774 | MainThread   | [INFO    ] | _connect            |: Connected to C0:83:D5:66:86:3C
2023-02-16 02:49:49,718 | MainThread   | [INFO    ] | disconnect_handler  |: Disconnected from AB6C95E9-A4ED-4F7A-B208-0AFEAFDDA3AD
2023-02-16 02:49:49,718 | MainThread   | [INFO    ] | disconnect_handler  |: Disconnected from AB6C95E9-A4ED-4F7A-B208-0AFEAFDDA3AD
2023-02-16 02:50:29,678 | MainThread   | [INFO    ] | _connect            |: Looking for Artemis Nano Peripheral Device: C0:83:D5:66:86:3C
2023-02-16 02:50:29,678 | MainThread   | [INFO    ] | _connect            |: Looking for Artemis Nano Peripheral Device: C0:83:D5:66:86:3C
2023-02-16 02:50:32,257 | MainThread   | [INFO    ] | _connect            |: Connected to C0:83:D5:66:86:3C
2023-02-16 02:50:32,257 | MainThread   | [INFO    ] | _connect            |: Connected to C0:83:D5:66:86:3C
2023-02-16 02:50:50,593 | MainThread   | [INFO    ] | disconnect_handler  |: Disconnected from AB6C95E9-A4ED-4F7A-B208-0AFEAFDDA3AD
2023-02-16 02:50:50,593 | MainThread   | [INFO    ] | disconnect_handler  |: Disconnected from AB6C95E9-A4ED-4F7A-B208-0AFEAFDDA3AD
2023-02-16 02:52:15,453 | MainThread   | [INFO    ] | _connect            |: Looking for Artemis Nano Peripheral Device: C0:83:D5:66:86:3C
2023-02-16 02:52:15,453 | MainThread   | [INFO    ] | _connect            |: Looking for Artemis Nano Peripheral Device: C0:83:D5:66:86:3C
2023-02-16 02:52:18,415 | MainThread   | [INFO    ] | _connect            |: Connected to C0:83:D5:66:86:3C
2023-02-16 02:52:18,415 | MainThread   | [INFO    ] | _connect            |: Connected to C0:83:D5:66:86:3C
2023-02-16 02:52:30,342 | MainThread   | [INFO    ] | disconnect_handler  |: Disconnected from AB6C95E9-A4ED-4F7A-B208-0AFEAFDDA3AD
2023-02-16 02:52:30,342 | MainThread   | [INFO    ] | disconnect_handler  |: Disconnected from AB6C95E9-A4ED-4F7A-B208-0AFEAFDDA3AD
2023-02-16 02:52:57,298 | MainThread   | [INFO    ] | _connect            |: Looking for Artemis Nano Peripheral Device: C0:83:D5:66:86:3C
2023-02-16 02:52:57,298 | MainThread   | [INFO    ] | _connect            |: Looking for Artemis Nano Peripheral Device: C0:83:D5:66:86:3C
2023-02-16 02:53:00,002 | MainThread   | [INFO    ] | _connect            |: Connected to C0:83:D5:66:86:3C
2023-02-16 02:53:00,002 | MainThread   | [INFO    ] | _connect            |: Connected to C0:83:D5:66:86:3C
2023-02-16 02:56:07,291 | MainThread   | [INFO    ] | disconnect_handler  |: Disconnected from AB6C95E9-A4ED-4F7A-B208-0AFEAFDDA3AD
2023-02-16 02:56:07,291 | MainThread   | [INFO    ] | disconnect_handler  |: Disconnected from AB6C95E9-A4ED-4F7A-B208-0AFEAFDDA3AD
2023-02-16 02:56:29,825 | MainThread   | [INFO    ] | _connect            |: Looking for Artemis Nano Peripheral Device: C0:83:D5:66:86:3C
2023-02-16 02:56:29,825 | MainThread   | [INFO    ] | _connect            |: Looking for Artemis Nano Peripheral Device: C0:83:D5:66:86:3C
2023-02-16 02:56:32,814 | MainThread   | [INFO    ] | _connect            |: Connected to C0:83:D5:66:86:3C
2023-02-16 02:56:32,814 | MainThread   | [INFO    ] | _connect            |: Connected to C0:83:D5:66:86:3C
2023-02-16 02:58:00,896 | MainThread   | [INFO    ] | disconnect_handler  |: Disconnected from AB6C95E9-A4ED-4F7A-B208-0AFEAFDDA3AD
2023-02-16 02:58:00,896 | MainThread   | [INFO    ] | disconnect_handler  |: Disconnected from AB6C95E9-A4ED-4F7A-B208-0AFEAFDDA3AD
2023-02-16 02:58:03,774 | MainThread   | [INFO    ] | _connect            |: Looking for Artemis Nano Peripheral Device: C0:83:D5:66:86:3C
2023-02-16 02:58:03,774 | MainThread   | [INFO    ] | _connect            |: Looking for Artemis Nano Peripheral Device: C0:83:D5:66:86:3C
2023-02-16 02:58:06,330 | MainThread   | [INFO    ] | _connect            |: Connected to C0:83:D5:66:86:3C
2023-02-16 02:58:06,330 | MainThread   | [INFO    ] | _connect            |: Connected to C0:83:D5:66:86:3C
2023-02-16 03:04:54,942 | MainThread   | [INFO    ] | disconnect_handler  |: Disconnected from AB6C95E9-A4ED-4F7A-B208-0AFEAFDDA3AD
2023-02-16 03:04:54,942 | MainThread   | [INFO    ] | disconnect_handler  |: Disconnected from AB6C95E9-A4ED-4F7A-B208-0AFEAFDDA3AD
2023-02-16 03:05:27,849 | MainThread   | [INFO    ] | _connect            |: Looking for Artemis Nano Peripheral Device: C0:83:D5:66:86:3C
2023-02-16 03:05:27,849 | MainThread   | [INFO    ] | _connect            |: Looking for Artemis Nano Peripheral Device: C0:83:D5:66:86:3C
2023-02-16 03:05:30,411 | MainThread   | [INFO    ] | _connect            |: Connected to C0:83:D5:66:86:3C
2023-02-16 03:05:30,411 | MainThread   | [INFO    ] | _connect            |: Connected to C0:83:D5:66:86:3C
2023-02-16 03:21:20,970 | MainThread   | [INFO    ] | disconnect_handler  |: Disconnected from AB6C95E9-A4ED-4F7A-B208-0AFEAFDDA3AD
2023-02-16 03:21:20,970 | MainThread   | [INFO    ] | disconnect_handler  |: Disconnected from AB6C95E9-A4ED-4F7A-B208-0AFEAFDDA3AD
2023-02-16 03:21:28,495 | MainThread   | [INFO    ] | _connect            |: Looking for Artemis Nano Peripheral Device: C0:83:D5:66:86:3C
2023-02-16 03:21:28,495 | MainThread   | [INFO    ] | _connect            |: Looking for Artemis Nano Peripheral Device: C0:83:D5:66:86:3C
2023-02-16 03:21:31,148 | MainThread   | [INFO    ] | _connect            |: Connected to C0:83:D5:66:86:3C
2023-02-16 03:21:31,148 | MainThread   | [INFO    ] | _connect            |: Connected to C0:83:D5:66:86:3C
2023-02-16 03:26:53,519 | MainThread   | [INFO    ] | disconnect_handler  |: Disconnected from AB6C95E9-A4ED-4F7A-B208-0AFEAFDDA3AD
2023-02-16 03:26:53,519 | MainThread   | [INFO    ] | disconnect_handler  |: Disconnected from AB6C95E9-A4ED-4F7A-B208-0AFEAFDDA3AD
2023-02-16 03:27:00,620 | MainThread   | [INFO    ] | _connect            |: Looking for Artemis Nano Peripheral Device: C0:83:D5:66:86:3C
2023-02-16 03:27:00,620 | MainThread   | [INFO    ] | _connect            |: Looking for Artemis Nano Peripheral Device: C0:83:D5:66:86:3C
2023-02-16 03:27:03,293 | MainThread   | [INFO    ] | _connect            |: Connected to C0:83:D5:66:86:3C
2023-02-16 03:27:03,293 | MainThread   | [INFO    ] | _connect            |: Connected to C0:83:D5:66:86:3C
2023-02-16 03:28:56,182 | MainThread   | [INFO    ] | disconnect_handler  |: Disconnected from AB6C95E9-A4ED-4F7A-B208-0AFEAFDDA3AD
2023-02-16 03:28:56,182 | MainThread   | [INFO    ] | disconnect_handler  |: Disconnected from AB6C95E9-A4ED-4F7A-B208-0AFEAFDDA3AD
2023-02-16 03:29:06,855 | MainThread   | [INFO    ] | _connect            |: Looking for Artemis Nano Peripheral Device: C0:83:D5:66:86:3C
2023-02-16 03:29:06,855 | MainThread   | [INFO    ] | _connect            |: Looking for Artemis Nano Peripheral Device: C0:83:D5:66:86:3C
2023-02-16 03:29:09,585 | MainThread   | [INFO    ] | _connect            |: Connected to C0:83:D5:66:86:3C
2023-02-16 03:29:09,585 | MainThread   | [INFO    ] | _connect            |: Connected to C0:83:D5:66:86:3C
2023-02-16 03:34:00,796 | MainThread   | [INFO    ] | disconnect_handler  |: Disconnected from AB6C95E9-A4ED-4F7A-B208-0AFEAFDDA3AD
2023-02-16 03:34:00,796 | MainThread   | [INFO    ] | disconnect_handler  |: Disconnected from AB6C95E9-A4ED-4F7A-B208-0AFEAFDDA3AD
2023-02-16 04:00:52,627 | MainThread   | [INFO    ] | _connect            |: Looking for Artemis Nano Peripheral Device: C0:83:D5:66:86:3C
2023-02-16 04:00:52,627 | MainThread   | [INFO    ] | _connect            |: Looking for Artemis Nano Peripheral Device: C0:83:D5:66:86:3C
2023-02-16 04:01:04,661 | MainThread   | [ERROR   ] | _connect            |: 
2023-02-16 04:01:04,661 | MainThread   | [ERROR   ] | _connect            |: 
2023-02-16 04:01:05,669 | MainThread   | [WARNING ] | connect             |: Attempting to connect again...
2023-02-16 04:01:05,669 | MainThread   | [WARNING ] | connect             |: Attempting to connect again...
2023-02-16 04:01:05,672 | MainThread   | [INFO    ] | _connect            |: Looking for Artemis Nano Peripheral Device: C0:83:D5:66:86:3C
2023-02-16 04:01:05,672 | MainThread   | [INFO    ] | _connect            |: Looking for Artemis Nano Peripheral Device: C0:83:D5:66:86:3C
2023-02-16 04:09:29,439 | MainThread   | [INFO    ] | _connect            |: Looking for Artemis Nano Peripheral Device: C0:83:D5:66:86:3C
2023-02-16 04:09:29,439 | MainThread   | [INFO    ] | _connect            |: Looking for Artemis Nano Peripheral Device: C0:83:D5:66:86:3C
2023-02-16 04:16:45,855 | MainThread   | [INFO    ] | _connect            |: Looking for Artemis Nano Peripheral Device: C0:83:D5:66:86:3C
2023-02-16 04:16:45,855 | MainThread   | [INFO    ] | _connect            |: Looking for Artemis Nano Peripheral Device: C0:83:D5:66:86:3C
2023-02-16 04:16:57,892 | MainThread   | [ERROR   ] | _connect            |: 
2023-02-16 04:16:57,892 | MainThread   | [ERROR   ] | _connect            |: 
2023-02-16 04:16:58,898 | MainThread   | [WARNING ] | connect             |: Attempting to connect again...
2023-02-16 04:16:58,898 | MainThread   | [WARNING ] | connect             |: Attempting to connect again...
2023-02-16 04:16:58,900 | MainThread   | [INFO    ] | _connect            |: Looking for Artemis Nano Peripheral Device: C0:83:D5:66:86:3C
2023-02-16 04:16:58,900 | MainThread   | [INFO    ] | _connect            |: Looking for Artemis Nano Peripheral Device: C0:83:D5:66:86:3C
2023-02-16 04:19:57,264 | MainThread   | [INFO    ] | _connect            |: Looking for Artemis Nano Peripheral Device: C0:83:D5:66:86:3C
2023-02-16 04:19:57,264 | MainThread   | [INFO    ] | _connect            |: Looking for Artemis Nano Peripheral Device: C0:83:D5:66:86:3C
2023-02-16 04:20:02,084 | MainThread   | [INFO    ] | _connect            |: Looking for Artemis Nano Peripheral Device: C0:83:D5:66:86:3C
2023-02-16 04:20:02,084 | MainThread   | [INFO    ] | _connect            |: Looking for Artemis Nano Peripheral Device: C0:83:D5:66:86:3C
2023-02-16 04:20:08,772 | MainThread   | [INFO    ] | _connect            |: Connected to C0:83:D5:66:86:3C
2023-02-16 04:20:08,772 | MainThread   | [INFO    ] | _connect            |: Connected to C0:83:D5:66:86:3C
2023-02-16 04:20:49,422 | MainThread   | [INFO    ] | disconnect_handler  |: Disconnected from AB6C95E9-A4ED-4F7A-B208-0AFEAFDDA3AD
2023-02-16 04:20:49,422 | MainThread   | [INFO    ] | disconnect_handler  |: Disconnected from AB6C95E9-A4ED-4F7A-B208-0AFEAFDDA3AD
2023-02-16 04:21:22,042 | MainThread   | [INFO    ] | _connect            |: Looking for Artemis Nano Peripheral Device: C0:83:D5:66:86:3C
2023-02-16 04:21:22,042 | MainThread   | [INFO    ] | _connect            |: Looking for Artemis Nano Peripheral Device: C0:83:D5:66:86:3C
2023-02-16 04:21:24,831 | MainThread   | [INFO    ] | _connect            |: Connected to C0:83:D5:66:86:3C
2023-02-16 04:21:24,831 | MainThread   | [INFO    ] | _connect            |: Connected to C0:83:D5:66:86:3C
2023-02-16 04:23:07,952 | MainThread   | [INFO    ] | disconnect_handler  |: Disconnected from AB6C95E9-A4ED-4F7A-B208-0AFEAFDDA3AD
2023-02-16 04:23:07,952 | MainThread   | [INFO    ] | disconnect_handler  |: Disconnected from AB6C95E9-A4ED-4F7A-B208-0AFEAFDDA3AD
2023-02-16 04:24:22,215 | MainThread   | [INFO    ] | _connect            |: Looking for Artemis Nano Peripheral Device: C0:83:D5:66:86:3C
2023-02-16 04:24:22,215 | MainThread   | [INFO    ] | _connect            |: Looking for Artemis Nano Peripheral Device: C0:83:D5:66:86:3C
2023-02-16 04:24:24,801 | MainThread   | [INFO    ] | _connect            |: Connected to C0:83:D5:66:86:3C
2023-02-16 04:24:24,801 | MainThread   | [INFO    ] | _connect            |: Connected to C0:83:D5:66:86:3C
2023-02-16 04:25:47,872 | MainThread   | [INFO    ] | disconnect_handler  |: Disconnected from AB6C95E9-A4ED-4F7A-B208-0AFEAFDDA3AD
2023-02-16 04:25:47,872 | MainThread   | [INFO    ] | disconnect_handler  |: Disconnected from AB6C95E9-A4ED-4F7A-B208-0AFEAFDDA3AD
2023-02-16 04:26:12,435 | MainThread   | [INFO    ] | _connect            |: Looking for Artemis Nano Peripheral Device: C0:83:D5:66:86:3C
2023-02-16 04:26:12,435 | MainThread   | [INFO    ] | _connect            |: Looking for Artemis Nano Peripheral Device: C0:83:D5:66:86:3C
2023-02-16 04:26:16,920 | MainThread   | [INFO    ] | _connect            |: Connected to C0:83:D5:66:86:3C
2023-02-16 04:26:16,920 | MainThread   | [INFO    ] | _connect            |: Connected to C0:83:D5:66:86:3C
2023-02-16 04:27:21,290 | MainThread   | [INFO    ] | disconnect_handler  |: Disconnected from AB6C95E9-A4ED-4F7A-B208-0AFEAFDDA3AD
2023-02-16 04:27:21,290 | MainThread   | [INFO    ] | disconnect_handler  |: Disconnected from AB6C95E9-A4ED-4F7A-B208-0AFEAFDDA3AD
2023-02-16 04:40:56,518 | MainThread   | [DEBUG   ] | __init__            |: Python Info: sys.version_info(major=3, minor=7, micro=6, releaselevel='final', serial=0)
2023-02-16 04:40:56,518 | MainThread   | [DEBUG   ] | __init__            |: System Info: Darwin-19.3.0-x86_64-i386-64bit
2023-02-16 04:40:56,519 | MainThread   | [INFO    ] | _connect            |: Looking for Artemis Nano Peripheral Device: C0:83:D5:66:86:3C
2023-02-16 04:41:01,910 | MainThread   | [INFO    ] | _connect            |: Looking for Artemis Nano Peripheral Device: C0:83:D5:66:86:3C
2023-02-16 04:41:10,666 | MainThread   | [INFO    ] | _connect            |: Connected to C0:83:D5:66:86:3C
2023-02-16 04:43:31,667 | MainThread   | [INFO    ] | disconnect_handler  |: Disconnected from AB6C95E9-A4ED-4F7A-B208-0AFEAFDDA3AD
2023-02-16 04:44:51,140 | MainThread   | [INFO    ] | _connect            |: Looking for Artemis Nano Peripheral Device: C0:83:D5:66:86:3C
2023-02-16 04:44:53,866 | MainThread   | [INFO    ] | _connect            |: Connected to C0:83:D5:66:86:3C
2023-02-16 04:46:40,191 | MainThread   | [INFO    ] | disconnect_handler  |: Disconnected from AB6C95E9-A4ED-4F7A-B208-0AFEAFDDA3AD
2023-02-16 04:48:06,755 | MainThread   | [INFO    ] | _connect            |: Looking for Artemis Nano Peripheral Device: C0:83:D5:66:86:3C
2023-02-16 04:48:09,336 | MainThread   | [INFO    ] | _connect            |: Connected to C0:83:D5:66:86:3C
2023-02-16 05:00:47,594 | MainThread   | [INFO    ] | disconnect_handler  |: Disconnected from AB6C95E9-A4ED-4F7A-B208-0AFEAFDDA3AD
2023-02-16 05:01:29,651 | MainThread   | [INFO    ] | _connect            |: Looking for Artemis Nano Peripheral Device: C0:83:D5:66:86:3C
2023-02-16 05:01:32,213 | MainThread   | [INFO    ] | _connect            |: Connected to C0:83:D5:66:86:3C
2023-02-16 05:02:33,251 | MainThread   | [INFO    ] | disconnect_handler  |: Disconnected from AB6C95E9-A4ED-4F7A-B208-0AFEAFDDA3AD
2023-02-16 05:03:23,270 | MainThread   | [INFO    ] | _connect            |: Looking for Artemis Nano Peripheral Device: C0:83:D5:66:86:3C
2023-02-16 05:03:26,026 | MainThread   | [INFO    ] | _connect            |: Connected to C0:83:D5:66:86:3C
2023-02-16 05:04:42,824 | MainThread   | [INFO    ] | disconnect_handler  |: Disconnected from AB6C95E9-A4ED-4F7A-B208-0AFEAFDDA3AD
2023-02-16 05:16:52,005 | MainThread   | [INFO    ] | _connect            |: Looking for Artemis Nano Peripheral Device: C0:83:D5:66:86:3C
2023-02-16 05:16:54,983 | MainThread   | [INFO    ] | _connect            |: Connected to C0:83:D5:66:86:3C
2023-02-16 05:20:44,181 | MainThread   | [INFO    ] | disconnect_handler  |: Disconnected from AB6C95E9-A4ED-4F7A-B208-0AFEAFDDA3AD
2023-02-16 05:21:15,261 | MainThread   | [INFO    ] | _connect            |: Looking for Artemis Nano Peripheral Device: C0:83:D5:66:86:3C
2023-02-16 05:21:17,891 | MainThread   | [INFO    ] | _connect            |: Connected to C0:83:D5:66:86:3C
2023-02-16 05:35:48,472 | MainThread   | [INFO    ] | disconnect_handler  |: Disconnected from AB6C95E9-A4ED-4F7A-B208-0AFEAFDDA3AD
2023-02-16 05:36:53,099 | MainThread   | [INFO    ] | _connect            |: Looking for Artemis Nano Peripheral Device: C0:83:D5:66:86:3C
2023-02-16 05:36:56,069 | MainThread   | [INFO    ] | _connect            |: Connected to C0:83:D5:66:86:3C
2023-02-16 05:37:26,446 | MainThread   | [INFO    ] | disconnect_handler  |: Disconnected from AB6C95E9-A4ED-4F7A-B208-0AFEAFDDA3AD
2023-02-16 05:40:48,469 | MainThread   | [INFO    ] | _connect            |: Looking for Artemis Nano Peripheral Device: C0:83:D5:66:86:3C
2023-02-16 05:40:53,089 | MainThread   | [INFO    ] | _connect            |: Connected to C0:83:D5:66:86:3C
2023-02-16 05:42:28,164 | MainThread   | [INFO    ] | disconnect_handler  |: Disconnected from AB6C95E9-A4ED-4F7A-B208-0AFEAFDDA3AD
2023-02-16 05:46:02,834 | MainThread   | [INFO    ] | _connect            |: Looking for Artemis Nano Peripheral Device: C0:83:D5:66:86:3C
2023-02-16 05:46:05,526 | MainThread   | [INFO    ] | _connect            |: Connected to C0:83:D5:66:86:3C
2023-02-16 05:47:57,836 | MainThread   | [INFO    ] | disconnect_handler  |: Disconnected from AB6C95E9-A4ED-4F7A-B208-0AFEAFDDA3AD
2023-02-16 05:48:04,219 | MainThread   | [INFO    ] | _connect            |: Looking for Artemis Nano Peripheral Device: C0:83:D5:66:86:3C
2023-02-16 05:48:06,686 | MainThread   | [INFO    ] | _connect            |: Connected to C0:83:D5:66:86:3C
2023-02-16 05:51:25,140 | MainThread   | [INFO    ] | disconnect_handler  |: Disconnected from AB6C95E9-A4ED-4F7A-B208-0AFEAFDDA3AD
2023-02-16 08:24:55,203 | MainThread   | [INFO    ] | exit_handler        |: Exiting...
2023-02-16 08:24:55,210 | MainThread   | [WARNING ] | exit_handler        |: Could not disconnect before exiting
2023-02-16 08:24:55,211 | MainThread   | [WARNING ] | exit_handler        |: Not connected to a BLE device
2023-02-26 20:04:21,639 | MainThread   | [DEBUG   ] | __init__            |: Python Info: sys.version_info(major=3, minor=7, micro=6, releaselevel='final', serial=0)
2023-02-26 20:04:21,646 | MainThread   | [DEBUG   ] | __init__            |: System Info: Darwin-19.3.0-x86_64-i386-64bit
2023-02-26 20:04:21,647 | MainThread   | [INFO    ] | _connect            |: Looking for Artemis Nano Peripheral Device: C0:83:D5:66:86:3C
2023-02-26 20:04:24,482 | MainThread   | [INFO    ] | _connect            |: Connected to C0:83:D5:66:86:3C
2023-02-26 20:15:51,919 | MainThread   | [INFO    ] | disconnect_handler  |: Disconnected from AB6C95E9-A4ED-4F7A-B208-0AFEAFDDA3AD
2023-02-26 20:16:27,071 | MainThread   | [INFO    ] | _connect            |: Looking for Artemis Nano Peripheral Device: C0:83:D5:66:86:3C
2023-02-26 20:16:29,718 | MainThread   | [INFO    ] | _connect            |: Connected to C0:83:D5:66:86:3C
2023-02-26 20:26:50,564 | MainThread   | [INFO    ] | disconnect_handler  |: Disconnected from AB6C95E9-A4ED-4F7A-B208-0AFEAFDDA3AD
2023-02-26 20:27:22,179 | MainThread   | [INFO    ] | _connect            |: Looking for Artemis Nano Peripheral Device: C0:83:D5:66:86:3C
2023-02-26 20:27:24,724 | MainThread   | [INFO    ] | _connect            |: Connected to C0:83:D5:66:86:3C
2023-02-26 20:35:59,603 | MainThread   | [INFO    ] | disconnect_handler  |: Disconnected from AB6C95E9-A4ED-4F7A-B208-0AFEAFDDA3AD
2023-02-26 20:36:52,612 | MainThread   | [INFO    ] | _connect            |: Looking for Artemis Nano Peripheral Device: C0:83:D5:66:86:3C
2023-02-26 20:36:55,177 | MainThread   | [INFO    ] | _connect            |: Connected to C0:83:D5:66:86:3C
2023-02-26 20:42:13,288 | MainThread   | [INFO    ] | disconnect_handler  |: Disconnected from AB6C95E9-A4ED-4F7A-B208-0AFEAFDDA3AD
2023-02-26 20:42:35,679 | MainThread   | [INFO    ] | _connect            |: Looking for Artemis Nano Peripheral Device: C0:83:D5:66:86:3C
2023-02-26 20:42:42,237 | MainThread   | [INFO    ] | _connect            |: Connected to C0:83:D5:66:86:3C
2023-02-26 20:44:13,439 | MainThread   | [INFO    ] | disconnect_handler  |: Disconnected from AB6C95E9-A4ED-4F7A-B208-0AFEAFDDA3AD
2023-02-26 20:47:01,104 | MainThread   | [INFO    ] | _connect            |: Looking for Artemis Nano Peripheral Device: C0:83:D5:66:86:3C
2023-02-26 20:47:03,610 | MainThread   | [INFO    ] | _connect            |: Connected to C0:83:D5:66:86:3C
2023-02-26 20:48:08,429 | MainThread   | [INFO    ] | disconnect_handler  |: Disconnected from AB6C95E9-A4ED-4F7A-B208-0AFEAFDDA3AD
2023-02-26 20:48:34,272 | MainThread   | [INFO    ] | _connect            |: Looking for Artemis Nano Peripheral Device: C0:83:D5:66:86:3C
2023-02-26 20:48:36,728 | MainThread   | [INFO    ] | _connect            |: Connected to C0:83:D5:66:86:3C
2023-02-26 20:49:44,111 | MainThread   | [INFO    ] | exit_handler        |: Exiting...
2023-02-26 20:49:44,140 | MainThread   | [INFO    ] | disconnect_handler  |: Disconnected from AB6C95E9-A4ED-4F7A-B208-0AFEAFDDA3AD
2023-02-26 20:49:44,159 | MainThread   | [INFO    ] | exit_handler        |: Gracefully Exiting
2023-02-26 20:50:31,348 | MainThread   | [DEBUG   ] | __init__            |: Python Info: sys.version_info(major=3, minor=7, micro=6, releaselevel='final', serial=0)
2023-02-26 20:50:31,348 | MainThread   | [DEBUG   ] | __init__            |: System Info: Darwin-19.3.0-x86_64-i386-64bit
2023-02-26 20:50:31,349 | MainThread   | [INFO    ] | _connect            |: Looking for Artemis Nano Peripheral Device: C0:83:D5:66:86:3C
2023-02-26 20:50:33,937 | MainThread   | [INFO    ] | _connect            |: Connected to C0:83:D5:66:86:3C
2023-02-26 20:59:43,164 | MainThread   | [INFO    ] | disconnect_handler  |: Disconnected from AB6C95E9-A4ED-4F7A-B208-0AFEAFDDA3AD
2023-02-26 21:01:15,307 | MainThread   | [INFO    ] | _connect            |: Looking for Artemis Nano Peripheral Device: C0:83:D5:66:86:3C
2023-02-26 21:01:17,913 | MainThread   | [INFO    ] | _connect            |: Connected to C0:83:D5:66:86:3C
2023-02-26 21:01:54,308 | MainThread   | [INFO    ] | disconnect_handler  |: Disconnected from AB6C95E9-A4ED-4F7A-B208-0AFEAFDDA3AD
2023-02-26 21:03:32,483 | MainThread   | [INFO    ] | _connect            |: Looking for Artemis Nano Peripheral Device: C0:83:D5:66:86:3C
2023-02-26 21:03:34,956 | MainThread   | [INFO    ] | _connect            |: Connected to C0:83:D5:66:86:3C
2023-02-26 21:04:41,845 | MainThread   | [INFO    ] | disconnect_handler  |: Disconnected from AB6C95E9-A4ED-4F7A-B208-0AFEAFDDA3AD
2023-02-26 21:06:23,566 | MainThread   | [INFO    ] | _connect            |: Looking for Artemis Nano Peripheral Device: C0:83:D5:66:86:3C
2023-02-26 21:06:26,100 | MainThread   | [INFO    ] | _connect            |: Connected to C0:83:D5:66:86:3C
2023-02-26 21:06:52,366 | MainThread   | [INFO    ] | disconnect_handler  |: Disconnected from AB6C95E9-A4ED-4F7A-B208-0AFEAFDDA3AD
2023-02-26 21:08:00,770 | MainThread   | [INFO    ] | _connect            |: Looking for Artemis Nano Peripheral Device: C0:83:D5:66:86:3C
2023-02-26 21:08:05,235 | MainThread   | [INFO    ] | _connect            |: Connected to C0:83:D5:66:86:3C
2023-02-26 21:15:55,816 | MainThread   | [INFO    ] | disconnect_handler  |: Disconnected from AB6C95E9-A4ED-4F7A-B208-0AFEAFDDA3AD
2023-02-26 21:29:09,619 | MainThread   | [DEBUG   ] | __init__            |: Python Info: sys.version_info(major=3, minor=7, micro=6, releaselevel='final', serial=0)
2023-02-26 21:29:09,620 | MainThread   | [DEBUG   ] | __init__            |: System Info: Darwin-19.3.0-x86_64-i386-64bit
2023-02-26 21:29:09,620 | MainThread   | [INFO    ] | _connect            |: Looking for Artemis Nano Peripheral Device: C0:83:D5:66:86:3C
2023-02-26 21:29:13,410 | MainThread   | [INFO    ] | _connect            |: Connected to C0:83:D5:66:86:3C
2023-02-26 21:31:51,737 | MainThread   | [INFO    ] | disconnect_handler  |: Disconnected from AB6C95E9-A4ED-4F7A-B208-0AFEAFDDA3AD
2023-02-26 21:32:19,231 | MainThread   | [INFO    ] | _connect            |: Looking for Artemis Nano Peripheral Device: C0:83:D5:66:86:3C
2023-02-26 21:32:22,795 | MainThread   | [INFO    ] | _connect            |: Connected to C0:83:D5:66:86:3C
2023-02-26 21:45:08,749 | MainThread   | [INFO    ] | disconnect_handler  |: Disconnected from AB6C95E9-A4ED-4F7A-B208-0AFEAFDDA3AD
2023-02-26 21:45:34,479 | MainThread   | [INFO    ] | _connect            |: Looking for Artemis Nano Peripheral Device: C0:83:D5:66:86:3C
2023-02-26 21:45:37,823 | MainThread   | [INFO    ] | _connect            |: Connected to C0:83:D5:66:86:3C
2023-02-26 21:47:29,097 | MainThread   | [INFO    ] | disconnect_handler  |: Disconnected from AB6C95E9-A4ED-4F7A-B208-0AFEAFDDA3AD
2023-02-26 21:47:54,029 | MainThread   | [INFO    ] | _connect            |: Looking for Artemis Nano Peripheral Device: C0:83:D5:66:86:3C
2023-02-26 21:47:57,627 | MainThread   | [INFO    ] | _connect            |: Connected to C0:83:D5:66:86:3C
2023-02-26 21:48:09,975 | MainThread   | [INFO    ] | disconnect_handler  |: Disconnected from AB6C95E9-A4ED-4F7A-B208-0AFEAFDDA3AD
2023-02-26 21:48:16,376 | MainThread   | [INFO    ] | _connect            |: Looking for Artemis Nano Peripheral Device: C0:83:D5:66:86:3C
2023-02-26 21:48:19,869 | MainThread   | [INFO    ] | _connect            |: Connected to C0:83:D5:66:86:3C
2023-02-26 21:49:34,961 | MainThread   | [INFO    ] | disconnect_handler  |: Disconnected from AB6C95E9-A4ED-4F7A-B208-0AFEAFDDA3AD
2023-02-26 21:50:03,282 | MainThread   | [INFO    ] | _connect            |: Looking for Artemis Nano Peripheral Device: C0:83:D5:66:86:3C
2023-02-26 21:50:12,839 | MainThread   | [INFO    ] | _connect            |: Connected to C0:83:D5:66:86:3C
2023-02-26 21:51:10,292 | MainThread   | [INFO    ] | disconnect_handler  |: Disconnected from AB6C95E9-A4ED-4F7A-B208-0AFEAFDDA3AD
2023-02-26 21:52:26,415 | MainThread   | [INFO    ] | _connect            |: Looking for Artemis Nano Peripheral Device: C0:83:D5:66:86:3C
2023-02-26 21:52:31,830 | MainThread   | [INFO    ] | _connect            |: Connected to C0:83:D5:66:86:3C
2023-02-26 21:54:45,837 | MainThread   | [INFO    ] | disconnect_handler  |: Disconnected from AB6C95E9-A4ED-4F7A-B208-0AFEAFDDA3AD
2023-02-26 21:58:04,402 | MainThread   | [INFO    ] | _connect            |: Looking for Artemis Nano Peripheral Device: C0:83:D5:66:86:3C
2023-02-26 21:58:07,934 | MainThread   | [INFO    ] | _connect            |: Connected to C0:83:D5:66:86:3C
2023-02-26 22:02:49,644 | MainThread   | [INFO    ] | disconnect_handler  |: Disconnected from AB6C95E9-A4ED-4F7A-B208-0AFEAFDDA3AD
2023-02-26 22:03:22,581 | MainThread   | [INFO    ] | _connect            |: Looking for Artemis Nano Peripheral Device: C0:83:D5:66:86:3C
2023-02-26 22:03:25,234 | MainThread   | [INFO    ] | _connect            |: Connected to C0:83:D5:66:86:3C
2023-02-26 22:06:13,863 | MainThread   | [INFO    ] | disconnect_handler  |: Disconnected from AB6C95E9-A4ED-4F7A-B208-0AFEAFDDA3AD
2023-02-26 22:06:35,901 | MainThread   | [INFO    ] | _connect            |: Looking for Artemis Nano Peripheral Device: C0:83:D5:66:86:3C
2023-02-26 22:06:42,476 | MainThread   | [INFO    ] | _connect            |: Connected to C0:83:D5:66:86:3C
2023-02-26 22:14:33,852 | MainThread   | [INFO    ] | disconnect_handler  |: Disconnected from AB6C95E9-A4ED-4F7A-B208-0AFEAFDDA3AD
2023-02-26 22:15:07,325 | MainThread   | [INFO    ] | _connect            |: Looking for Artemis Nano Peripheral Device: C0:83:D5:66:86:3C
2023-02-26 22:15:09,763 | MainThread   | [INFO    ] | _connect            |: Connected to C0:83:D5:66:86:3C
2023-02-26 22:17:28,095 | MainThread   | [INFO    ] | disconnect_handler  |: Disconnected from AB6C95E9-A4ED-4F7A-B208-0AFEAFDDA3AD
2023-02-26 22:18:00,160 | MainThread   | [INFO    ] | _connect            |: Looking for Artemis Nano Peripheral Device: C0:83:D5:66:86:3C
2023-02-26 22:18:02,830 | MainThread   | [INFO    ] | _connect            |: Connected to C0:83:D5:66:86:3C
